<?xml version="1.0" encoding="UTF-8"?>
<!-- Generated by org.testng.reporters.JUnitReportReporter -->
<testsuite hostname="LAPTOP-MPQBKH41" failures="0" tests="1" name="com.flipkart.testcases.FlipkartHomepageTC1" time="2.184" errors="0" timestamp="2022-09-24T02:57:53 IST" skipped="0">
  <testcase classname="com.flipkart.testcases.FlipkartHomepageTC1" name="homepageNav" time="2.184"/>
  <system-out/>
</testsuite> <!-- com.flipkart.testcases.FlipkartHomepageTC1 -->
