<?xml version="1.0" encoding="UTF-8"?>
<!-- Generated by org.testng.reporters.JUnitReportReporter -->
<testsuite hostname="LAPTOP-MPQBKH41" failures="0" tests="1" name="com.flipkart.testcases.ProductSearch" time="2.540" errors="0" timestamp="2022-11-26T15:56:13 IST" skipped="0">
  <testcase classname="com.flipkart.testcases.ProductSearch" name="searchProduct" time="2.540"/>
  <system-out/>
</testsuite> <!-- com.flipkart.testcases.ProductSearch -->
